<?xml version="1.0" encoding="UTF-8"?>
<testsuite xmlns:xsi="http://www.w3.org/2001/XMLSchema-instance" xsi:noNamespaceSchemaLocation="https://maven.apache.org/surefire/maven-surefire-plugin/xsd/surefire-test-report-3.0.xsd" version="3.0" name="org.jnetpcap.test.LibpcapApiTest" time="0.391" tests="53" errors="0" skipped="1" failures="0">
  <properties>
[...]
</properties>
  <testcase name="testClose_OfflineHandle" classname="org.jnetpcap.test.LibpcapApiTest" time="0.185"/>
  <testcase name="testMajorVersion_OfflineHandle" classname="org.jnetpcap.test.LibpcapApiTest" time="0.005"/>
  <testcase name="testDispatch_PcapDumper_OfflineHandle(TestInfo)" classname="org.jnetpcap.test.LibpcapApiTest" time="0.011"/>
  <testcase name="testLoop_OfRawPacket_OfflineHandle" classname="org.jnetpcap.test.LibpcapApiTest" time="0.002"/>
  <testcase name="testListTstampTypes" classname="org.jnetpcap.test.LibpcapApiTest" time="0.01"/>
  <testcase name="testMinorVersion" classname="org.jnetpcap.test.LibpcapApiTest" time="0.001"/>
  <testcase name="testStrerror" classname="org.jnetpcap.test.LibpcapApiTest" time="0.004"/>
  <testcase name="testNextEx_OfflineHandle" classname="org.jnetpcap.test.LibpcapApiTest" time="0.005"/>
  <testcase name="testIsSwapped_OfflineHandle" classname="org.jnetpcap.test.LibpcapApiTest" time="0.003"/>
  <testcase name="testSetNonBlock" classname="org.jnetpcap.test.LibpcapApiTest" time="0.027"/>
  <testcase name="testStatusToStr" classname="org.jnetpcap.test.LibpcapApiTest" time="0.001"/>
  <testcase name="testDatalinkValToName" classname="org.jnetpcap.test.LibpcapApiTest" time="0.002"/>
  <testcase name="testSetTstampType" classname="org.jnetpcap.test.LibpcapApiTest" time="0.005"/>
  <testcase name="testOrder" classname="org.jnetpcap.test.LibpcapApiTest" time="0.002"/>
  <testcase name="testInit" classname="org.jnetpcap.test.LibpcapApiTest" time="0.003"/>
  <testcase name="testLoop_OfArray_OfflineHandle" classname="org.jnetpcap.test.LibpcapApiTest" time="0.004"/>
  <testcase name="testFindAllDevs" classname="org.jnetpcap.test.LibpcapApiTest" time="0.002"/>
  <testcase name="testLoadNativePcapLibrary" classname="org.jnetpcap.test.LibpcapApiTest" time="0.001"/>
  <testcase name="testLibVersion" classname="org.jnetpcap.test.LibpcapApiTest" time="0.002"/>
  <testcase name="testGetDefaultMissingSymbolsPolicy" classname="org.jnetpcap.test.LibpcapApiTest" time="0.001"/>
  <testcase name="testDispatch_OfArray_OfflineHandle" classname="org.jnetpcap.test.LibpcapApiTest" time="0.002"/>
  <testcase name="testLoop_PcapDumper_OfflineHandle(TestInfo)" classname="org.jnetpcap.test.LibpcapApiTest" time="0.002"/>
  <testcase name="testSetBufferSize" classname="org.jnetpcap.test.LibpcapApiTest" time="0.003"/>
  <testcase name="testNext_OfflineHandle" classname="org.jnetpcap.test.LibpcapApiTest" time="0.001"/>
  <testcase name="testGeterr_OfflineHandle" classname="org.jnetpcap.test.LibpcapApiTest" time="0.004"/>
  <testcase name="testSetSnaplen" classname="org.jnetpcap.test.LibpcapApiTest" time="0.003"/>
  <testcase name="testOpenDead" classname="org.jnetpcap.test.LibpcapApiTest" time="0.002"/>
  <testcase name="testDispatch_PacketSource_OfflineHandle" classname="org.jnetpcap.test.LibpcapApiTest" time="0.002"/>
  <testcase name="testOfflineFilter" classname="org.jnetpcap.test.LibpcapApiTest" time="0.005"/>
  <testcase name="testDumpOpen_OfflineHandle(TestInfo)" classname="org.jnetpcap.test.LibpcapApiTest" time="0.001"/>
  <testcase name="testDispatch_OfRawPacket_OfflineHandle" classname="org.jnetpcap.test.LibpcapApiTest" time="0.001"/>
  <testcase name="testClose_DeadHandle" classname="org.jnetpcap.test.LibpcapApiTest" time="0.001"/>
  <testcase name="testListDataLinks" classname="org.jnetpcap.test.LibpcapApiTest" time="0.002"/>
  <testcase name="testDatalinkValToDescription" classname="org.jnetpcap.test.LibpcapApiTest" time="0.001"/>
  <testcase name="testSetFilter" classname="org.jnetpcap.test.LibpcapApiTest" time="0.004"/>
  <testcase name="testSetTimeout" classname="org.jnetpcap.test.LibpcapApiTest" time="0.003"/>
  <testcase name="testFreeCode_PcapCompile_OfflineHandle" classname="org.jnetpcap.test.LibpcapApiTest" time="0.002"/>
  <testcase name="testCompile_OfflineHandle" classname="org.jnetpcap.test.LibpcapApiTest" time="0.001"/>
  <testcase name="testSetTstampPrecision" classname="org.jnetpcap.test.LibpcapApiTest" time="0.002"/>
  <testcase name="testSetImmediateMode" classname="org.jnetpcap.test.LibpcapApiTest" time="0.002"/>
  <testcase name="testLoop_PacketSource_OfflineHandle" classname="org.jnetpcap.test.LibpcapApiTest" time="0.001"/>
  <testcase name="testCompileNoPcap" classname="org.jnetpcap.test.LibpcapApiTest" time="0.001"/>
  <testcase name="testDatalinkNameToVal" classname="org.jnetpcap.test.LibpcapApiTest" time="0.001"/>
  <testcase name="testCompileWithNetmask_DeadHandle" classname="org.jnetpcap.test.LibpcapApiTest" time="0.002"/>
  <testcase name="testBreakloop_offlineCapture" classname="org.jnetpcap.test.LibpcapApiTest" time="0.002"/>
  <testcase name="testCompile_DeadHandle" classname="org.jnetpcap.test.LibpcapApiTest" time="0.002"/>
  <testcase name="testBreakloop_deadCapture" classname="org.jnetpcap.test.LibpcapApiTest" time="0">
    <skipped message="void org.jnetpcap.test.LibpcapApiTest.testBreakloop_deadCapture() throws org.jnetpcap.PcapException is @Disabled"/>
  </testcase>
  <testcase name="testLookupDev" classname="org.jnetpcap.test.LibpcapApiTest" time="0.001"/>
  <testcase name="testLookupNet" classname="org.jnetpcap.test.LibpcapApiTest" time="0.004"/>
  <testcase name="testOpenOffline" classname="org.jnetpcap.test.LibpcapApiTest" time="0.001"/>
  <testcase name="testOpenDeadWithTstampPrecision" classname="org.jnetpcap.test.LibpcapApiTest" time="0.002"/>
  <testcase name="testSetPromisc" classname="org.jnetpcap.test.LibpcapApiTest" time="0.003"/>
  <testcase name="testSetRfmon" classname="org.jnetpcap.test.LibpcapApiTest" time="0.003"/>
</testsuite>