<?xml version="1.0" encoding="UTF-8"?>
<testsuite xmlns:xsi="http://www.w3.org/2001/XMLSchema-instance" xsi:noNamespaceSchemaLocation="https://maven.apache.org/surefire/maven-surefire-plugin/xsd/surefire-test-report-3.0.xsd" version="3.0" name="org.jnetpcap.test.NonPcapTest" time="0.015" tests="7" errors="0" skipped="0" failures="0">
  <properties>
[...]
</properties>
  <testcase name="testSetLoggingOutput" classname="org.jnetpcap.test.NonPcapTest" time="0.001"/>
  <testcase name="testCheckPcapVersion_IsValid_ver2_0_1" classname="org.jnetpcap.test.NonPcapTest" time="0.003"/>
  <testcase name="testGetLogginOutput" classname="org.jnetpcap.test.NonPcapTest" time="0.001"/>
  <testcase name="testSetDefaultMissingSymbolsPolicy" classname="org.jnetpcap.test.NonPcapTest" time="0.002"/>
  <testcase name="testCheckPcapVersion_IsInvalid_ver1_4_25" classname="org.jnetpcap.test.NonPcapTest" time="0.001"/>
  <testcase name="testIsSupported" classname="org.jnetpcap.test.NonPcapTest" time="0.001"/>
  <testcase name="testPcapVersionProperty_startsWith_2" classname="org.jnetpcap.test.NonPcapTest" time="0"/>
</testsuite>